# JRE version: OpenJDK Runtime Environment JBR-17.0.8+7-1000.22-nomod (17.0.8+7) (build 17.0.8+7-b1000.22)
# Java VM: OpenJDK 64-Bit Server VM JBR-17.0.8+7-1000.22-nomod (17.0.8+7-b1000.22, mixed mode, tiered, compressed oops, compressed class ptrs, g1 gc, windows-amd64)
GC Precious Log:
 CPUs: 8 total, 8 available
 Memory: 7932M
 Large Page Support: Disabled
 NUMA Support: Disabled
 Compressed Oops: Enabled (32-bit)
 Heap Region Size: 1M
 Heap Min Capacity: 8M
 Heap Initial Capacity: 124M
 Heap Max Capacity: 1984M
 Pre-touch: Disabled
 Parallel Workers: 8
 Concurrent Workers: 2
 Concurrent Refinement Workers: 8
 Periodic GC: Disabled
Heap:
 garbage-first heap   total 78848K, used 52422K [0x0000000084000000, 0x0000000100000000)
  region size 1024K, 31 young (31744K), 3 survivors (3072K)
 Metaspace       used 39009K, committed 39296K, reserved 1114112K
  class space    used 4416K, committed 4544K, reserved 1048576K
GC Heap History (20 events):
Event: 1.847 GC heap before
{Heap before GC invocations=1 (full 0):
 garbage-first heap   total 126976K, used 34544K [0x0000000084000000, 0x0000000100000000)
  region size 1024K, 33 young (33792K), 3 survivors (3072K)
 Metaspace       used 19251K, committed 19392K, reserved 1114112K
  class space    used 2086K, committed 2112K, reserved 1048576K
}
Event: 1.855 GC heap after
{Heap after GC invocations=2 (full 0):
 garbage-first heap   total 126976K, used 6164K [0x0000000084000000, 0x0000000100000000)
  region size 1024K, 3 young (3072K), 3 survivors (3072K)
 Metaspace       used 19251K, committed 19392K, reserved 1114112K
  class space    used 2086K, committed 2112K, reserved 1048576K
}
Event: 2.184 GC heap before
{Heap before GC invocations=2 (full 0):
 garbage-first heap   total 126976K, used 17428K [0x0000000084000000, 0x0000000100000000)
  region size 1024K, 15 young (15360K), 3 survivors (3072K)
 Metaspace       used 21332K, committed 21504K, reserved 1114112K
  class space    used 2375K, committed 2496K, reserved 1048576K
}
Event: 2.191 GC heap after
{Heap after GC invocations=3 (full 0):
 garbage-first heap   total 126976K, used 7144K [0x0000000084000000, 0x0000000100000000)
  region size 1024K, 4 young (4096K), 4 survivors (4096K)
 Metaspace       used 21332K, committed 21504K, reserved 1114112K
  class space    used 2375K, committed 2496K, reserved 1048576K
}
Event: 2.576 GC heap before
{Heap before GC invocations=4 (full 0):
 garbage-first heap   total 30720K, used 21480K [0x0000000084000000, 0x0000000100000000)
  region size 1024K, 18 young (18432K), 4 survivors (4096K)
 Metaspace       used 24283K, committed 24512K, reserved 1114112K
  class space    used 2735K, committed 2816K, reserved 1048576K
}
Event: 2.584 GC heap after
{Heap after GC invocations=5 (full 0):
 garbage-first heap   total 30720K, used 8171K [0x0000000084000000, 0x0000000100000000)
  region size 1024K, 3 young (3072K), 3 survivors (3072K)
 Metaspace       used 24283K, committed 24512K, reserved 1114112K
  class space    used 2735K, committed 2816K, reserved 1048576K
}
Event: 2.616 GC heap before
{Heap before GC invocations=5 (full 0):
 garbage-first heap   total 30720K, used 9195K [0x0000000084000000, 0x0000000100000000)
  region size 1024K, 4 young (4096K), 3 survivors (3072K)
 Metaspace       used 24508K, committed 24640K, reserved 1114112K
  class space    used 2754K, committed 2816K, reserved 1048576K
}
Event: 2.621 GC heap after
{Heap after GC invocations=6 (full 0):
 garbage-first heap   total 30720K, used 8236K [0x0000000084000000, 0x0000000100000000)
  region size 1024K, 1 young (1024K), 1 survivors (1024K)
 Metaspace       used 24508K, committed 24640K, reserved 1114112K
  class space    used 2754K, committed 2816K, reserved 1048576K
}
Event: 2.946 GC heap before
{Heap before GC invocations=6 (full 0):
 garbage-first heap   total 30720K, used 21548K [0x0000000084000000, 0x0000000100000000)
  region size 1024K, 14 young (14336K), 1 survivors (1024K)
 Metaspace       used 25160K, committed 25344K, reserved 1114112K
  class space    used 2817K, committed 2880K, reserved 1048576K
}
Event: 2.949 GC heap after
{Heap after GC invocations=7 (full 0):
 garbage-first heap   total 30720K, used 8802K [0x0000000084000000, 0x0000000100000000)
  region size 1024K, 1 young (1024K), 1 survivors (1024K)
 Metaspace       used 25160K, committed 25344K, reserved 1114112K
  class space    used 2817K, committed 2880K, reserved 1048576K
}
Event: 3.300 GC heap before
{Heap before GC invocations=7 (full 0):
 garbage-first heap   total 30720K, used 23138K [0x0000000084000000, 0x0000000100000000)
  region size 1024K, 15 young (15360K), 1 survivors (1024K)
 Metaspace       used 26142K, committed 26304K, reserved 1114112K
  class space    used 2929K, committed 3008K, reserved 1048576K
}
Event: 3.304 GC heap after
{Heap after GC invocations=8 (full 0):
 garbage-first heap   total 30720K, used 9782K [0x0000000084000000, 0x0000000100000000)
  region size 1024K, 2 young (2048K), 2 survivors (2048K)
 Metaspace       used 26142K, committed 26304K, reserved 1114112K
  class space    used 2929K, committed 3008K, reserved 1048576K
}
Event: 3.570 GC heap before
{Heap before GC invocations=8 (full 0):
 garbage-first heap   total 30720K, used 23094K [0x0000000084000000, 0x0000000100000000)
  region size 1024K, 15 young (15360K), 2 survivors (2048K)
 Metaspace       used 28375K, committed 28672K, reserved 1114112K
  class space    used 3184K, committed 3328K, reserved 1048576K
}
Event: 3.576 GC heap after
{Heap after GC invocations=9 (full 0):
 garbage-first heap   total 78848K, used 10307K [0x0000000084000000, 0x0000000100000000)
  region size 1024K, 2 young (2048K), 2 survivors (2048K)
 Metaspace       used 28375K, committed 28672K, reserved 1114112K
  class space    used 3184K, committed 3328K, reserved 1048576K
}
Event: 4.414 GC heap before
{Heap before GC invocations=9 (full 0):
 garbage-first heap   total 78848K, used 54339K [0x0000000084000000, 0x0000000100000000)
  region size 1024K, 46 young (47104K), 2 survivors (2048K)
 Metaspace       used 34970K, committed 35264K, reserved 1114112K
  class space    used 3969K, committed 4096K, reserved 1048576K
}
Event: 4.428 GC heap after
{Heap after GC invocations=10 (full 0):
 garbage-first heap   total 78848K, used 17377K [0x0000000084000000, 0x0000000100000000)
  region size 1024K, 6 young (6144K), 6 survivors (6144K)
 Metaspace       used 34970K, committed 35264K, reserved 1114112K
  class space    used 3969K, committed 4096K, reserved 1048576K
}
Event: 4.673 GC heap before
{Heap before GC invocations=10 (full 0):
 garbage-first heap   total 78848K, used 38881K [0x0000000084000000, 0x0000000100000000)
  region size 1024K, 27 young (27648K), 6 survivors (6144K)
 Metaspace       used 35847K, committed 36096K, reserved 1114112K
  class space    used 4081K, committed 4224K, reserved 1048576K
}
Event: 4.692 GC heap after
{Heap after GC invocations=11 (full 0):
 garbage-first heap   total 78848K, used 22060K [0x0000000084000000, 0x0000000100000000)
  region size 1024K, 4 young (4096K), 4 survivors (4096K)
 Metaspace       used 35847K, committed 36096K, reserved 1114112K
  class space    used 4081K, committed 4224K, reserved 1048576K
}
Event: 5.801 GC heap before
{Heap before GC invocations=12 (full 0):
 garbage-first heap   total 78848K, used 56876K [0x0000000084000000, 0x0000000100000000)
  region size 1024K, 38 young (38912K), 4 survivors (4096K)
 Metaspace       used 37310K, committed 37632K, reserved 1114112K
  class space    used 4177K, committed 4352K, reserved 1048576K
}
Event: 5.811 GC heap after
{Heap after GC invocations=13 (full 0):
 garbage-first heap   total 78848K, used 24774K [0x0000000084000000, 0x0000000100000000)
  region size 1024K, 3 young (3072K), 3 survivors (3072K)
 Metaspace       used 37310K, committed 37632K, reserved 1114112K
  class space    used 4177K, committed 4352K, reserved 1048576K
}

