# JRE version: OpenJDK Runtime Environment JBR-17.0.8+7-1000.22-nomod (17.0.8+7) (build 17.0.8+7-b1000.22)
# Java VM: OpenJDK 64-Bit Server VM JBR-17.0.8+7-1000.22-nomod (17.0.8+7-b1000.22, mixed mode, tiered, compressed oops, compressed class ptrs, g1 gc, windows-amd64)
GC Precious Log:
 CPUs: 8 total, 8 available
 Memory: 7932M
 Large Page Support: Disabled
 NUMA Support: Disabled
 Compressed Oops: Enabled (32-bit)
 Heap Region Size: 1M
 Heap Min Capacity: 8M
 Heap Initial Capacity: 124M
 Heap Max Capacity: 1984M
 Pre-touch: Disabled
 Parallel Workers: 8
 Concurrent Workers: 2
 Concurrent Refinement Workers: 8
 Periodic GC: Disabled
Heap:
 garbage-first heap   total 78848K, used 48705K [0x0000000084000000, 0x0000000100000000)
  region size 1024K, 31 young (31744K), 4 survivors (4096K)
 Metaspace       used 37235K, committed 37504K, reserved 1114112K
  class space    used 4177K, committed 4288K, reserved 1048576K
GC Heap History (20 events):
Event: 3.606 GC heap before
{Heap before GC invocations=0 (full 0):
 garbage-first heap   total 126976K, used 23552K [0x0000000084000000, 0x0000000100000000)
  region size 1024K, 23 young (23552K), 0 survivors (0K)
 Metaspace       used 15041K, committed 15232K, reserved 1114112K
  class space    used 1540K, committed 1600K, reserved 1048576K
}
Event: 3.626 GC heap after
{Heap after GC invocations=1 (full 0):
 garbage-first heap   total 126976K, used 4352K [0x0000000084000000, 0x0000000100000000)
  region size 1024K, 3 young (3072K), 3 survivors (3072K)
 Metaspace       used 15041K, committed 15232K, reserved 1114112K
  class space    used 1540K, committed 1600K, reserved 1048576K
}
Event: 6.529 GC heap before
{Heap before GC invocations=1 (full 0):
 garbage-first heap   total 126976K, used 33024K [0x0000000084000000, 0x0000000100000000)
  region size 1024K, 31 young (31744K), 3 survivors (3072K)
 Metaspace       used 18884K, committed 19072K, reserved 1114112K
  class space    used 2036K, committed 2112K, reserved 1048576K
}
Event: 6.549 GC heap after
{Heap after GC invocations=2 (full 0):
 garbage-first heap   total 126976K, used 5875K [0x0000000084000000, 0x0000000100000000)
  region size 1024K, 2 young (2048K), 2 survivors (2048K)
 Metaspace       used 18884K, committed 19072K, reserved 1114112K
  class space    used 2036K, committed 2112K, reserved 1048576K
}
Event: 7.702 GC heap before
{Heap before GC invocations=2 (full 0):
 garbage-first heap   total 126976K, used 18163K [0x0000000084000000, 0x0000000100000000)
  region size 1024K, 15 young (15360K), 2 survivors (2048K)
 Metaspace       used 21334K, committed 21504K, reserved 1114112K
  class space    used 2370K, committed 2496K, reserved 1048576K
}
Event: 7.712 GC heap after
{Heap after GC invocations=3 (full 0):
 garbage-first heap   total 126976K, used 7086K [0x0000000084000000, 0x0000000100000000)
  region size 1024K, 3 young (3072K), 3 survivors (3072K)
 Metaspace       used 21334K, committed 21504K, reserved 1114112K
  class space    used 2370K, committed 2496K, reserved 1048576K
}
Event: 9.192 GC heap before
{Heap before GC invocations=4 (full 0):
 garbage-first heap   total 30720K, used 22446K [0x0000000084000000, 0x0000000100000000)
  region size 1024K, 18 young (18432K), 3 survivors (3072K)
 Metaspace       used 24521K, committed 24704K, reserved 1114112K
  class space    used 2752K, committed 2816K, reserved 1048576K
}
Event: 9.212 GC heap after
{Heap after GC invocations=5 (full 0):
 garbage-first heap   total 30720K, used 8402K [0x0000000084000000, 0x0000000100000000)
  region size 1024K, 3 young (3072K), 3 survivors (3072K)
 Metaspace       used 24521K, committed 24704K, reserved 1114112K
  class space    used 2752K, committed 2816K, reserved 1048576K
}
Event: 9.303 GC heap before
{Heap before GC invocations=5 (full 0):
 garbage-first heap   total 30720K, used 9426K [0x0000000084000000, 0x0000000100000000)
  region size 1024K, 4 young (4096K), 3 survivors (3072K)
 Metaspace       used 24619K, committed 24768K, reserved 1114112K
  class space    used 2765K, committed 2816K, reserved 1048576K
}
Event: 9.321 GC heap after
{Heap after GC invocations=6 (full 0):
 garbage-first heap   total 30720K, used 8286K [0x0000000084000000, 0x0000000100000000)
  region size 1024K, 1 young (1024K), 1 survivors (1024K)
 Metaspace       used 24619K, committed 24768K, reserved 1114112K
  class space    used 2765K, committed 2816K, reserved 1048576K
}
Event: 10.151 GC heap before
{Heap before GC invocations=6 (full 0):
 garbage-first heap   total 30720K, used 21598K [0x0000000084000000, 0x0000000100000000)
  region size 1024K, 14 young (14336K), 1 survivors (1024K)
 Metaspace       used 25185K, committed 25344K, reserved 1114112K
  class space    used 2816K, committed 2880K, reserved 1048576K
}
Event: 10.164 GC heap after
{Heap after GC invocations=7 (full 0):
 garbage-first heap   total 30720K, used 9103K [0x0000000084000000, 0x0000000100000000)
  region size 1024K, 2 young (2048K), 2 survivors (2048K)
 Metaspace       used 25185K, committed 25344K, reserved 1114112K
  class space    used 2816K, committed 2880K, reserved 1048576K
}
Event: 11.026 GC heap before
{Heap before GC invocations=7 (full 0):
 garbage-first heap   total 30720K, used 22415K [0x0000000084000000, 0x0000000100000000)
  region size 1024K, 15 young (15360K), 2 survivors (2048K)
 Metaspace       used 26127K, committed 26304K, reserved 1114112K
  class space    used 2929K, committed 3008K, reserved 1048576K
}
Event: 11.035 GC heap after
{Heap after GC invocations=8 (full 0):
 garbage-first heap   total 30720K, used 9800K [0x0000000084000000, 0x0000000100000000)
  region size 1024K, 1 young (1024K), 1 survivors (1024K)
 Metaspace       used 26127K, committed 26304K, reserved 1114112K
  class space    used 2929K, committed 3008K, reserved 1048576K
}
Event: 12.088 GC heap before
{Heap before GC invocations=8 (full 0):
 garbage-first heap   total 30720K, used 22088K [0x0000000084000000, 0x0000000100000000)
  region size 1024K, 14 young (14336K), 1 survivors (1024K)
 Metaspace       used 28381K, committed 28672K, reserved 1114112K
  class space    used 3182K, committed 3328K, reserved 1048576K
}
Event: 12.099 GC heap after
{Heap after GC invocations=9 (full 0):
 garbage-first heap   total 78848K, used 10385K [0x0000000084000000, 0x0000000100000000)
  region size 1024K, 2 young (2048K), 2 survivors (2048K)
 Metaspace       used 28381K, committed 28672K, reserved 1114112K
  class space    used 3182K, committed 3328K, reserved 1048576K
}
Event: 14.254 GC heap before
{Heap before GC invocations=9 (full 0):
 garbage-first heap   total 78848K, used 54417K [0x0000000084000000, 0x0000000100000000)
  region size 1024K, 46 young (47104K), 2 survivors (2048K)
 Metaspace       used 34979K, committed 35264K, reserved 1114112K
  class space    used 3969K, committed 4096K, reserved 1048576K
}
Event: 14.293 GC heap after
{Heap after GC invocations=10 (full 0):
 garbage-first heap   total 78848K, used 17399K [0x0000000084000000, 0x0000000100000000)
  region size 1024K, 6 young (6144K), 6 survivors (6144K)
 Metaspace       used 34979K, committed 35264K, reserved 1114112K
  class space    used 3969K, committed 4096K, reserved 1048576K
}
Event: 15.078 GC heap before
{Heap before GC invocations=10 (full 0):
 garbage-first heap   total 78848K, used 38903K [0x0000000084000000, 0x0000000100000000)
  region size 1024K, 27 young (27648K), 6 survivors (6144K)
 Metaspace       used 35844K, committed 36096K, reserved 1114112K
  class space    used 4078K, committed 4224K, reserved 1048576K
}
Event: 15.112 GC heap after
{Heap after GC invocations=11 (full 0):
 garbage-first heap   total 78848K, used 22081K [0x0000000084000000, 0x0000000100000000)
  region size 1024K, 4 young (4096K), 4 survivors (4096K)
 Metaspace       used 35844K, committed 36096K, reserved 1114112K
  class space    used 4078K, committed 4224K, reserved 1048576K
}

