# JRE version: OpenJDK Runtime Environment JBR-17.0.8+7-1000.22-nomod (17.0.8+7) (build 17.0.8+7-b1000.22)
# Java VM: OpenJDK 64-Bit Server VM JBR-17.0.8+7-1000.22-nomod (17.0.8+7-b1000.22, mixed mode, tiered, compressed oops, compressed class ptrs, g1 gc, windows-amd64)
GC Precious Log:
 CPUs: 8 total, 8 available
 Memory: 7932M
 Large Page Support: Disabled
 NUMA Support: Disabled
 Compressed Oops: Enabled (32-bit)
 Heap Region Size: 1M
 Heap Min Capacity: 8M
 Heap Initial Capacity: 124M
 Heap Max Capacity: 1984M
 Pre-touch: Disabled
 Parallel Workers: 8
 Concurrent Workers: 2
 Concurrent Refinement Workers: 8
 Periodic GC: Disabled
Heap:
 garbage-first heap   total 95232K, used 52859K [0x0000000084000000, 0x0000000100000000)
  region size 1024K, 29 young (29696K), 1 survivors (1024K)
 Metaspace       used 38950K, committed 39232K, reserved 1114112K
  class space    used 4415K, committed 4544K, reserved 1048576K
GC Heap History (20 events):
Event: 2.363 GC heap before
{Heap before GC invocations=1 (full 0):
 garbage-first heap   total 126976K, used 34176K [0x0000000084000000, 0x0000000100000000)
  region size 1024K, 32 young (32768K), 3 survivors (3072K)
 Metaspace       used 18996K, committed 19136K, reserved 1114112K
  class space    used 2051K, committed 2112K, reserved 1048576K
}
Event: 2.371 GC heap after
{Heap after GC invocations=2 (full 0):
 garbage-first heap   total 126976K, used 6096K [0x0000000084000000, 0x0000000100000000)
  region size 1024K, 2 young (2048K), 2 survivors (2048K)
 Metaspace       used 18996K, committed 19136K, reserved 1114112K
  class space    used 2051K, committed 2112K, reserved 1048576K
}
Event: 2.733 GC heap before
{Heap before GC invocations=2 (full 0):
 garbage-first heap   total 126976K, used 18384K [0x0000000084000000, 0x0000000100000000)
  region size 1024K, 15 young (15360K), 2 survivors (2048K)
 Metaspace       used 21337K, committed 21504K, reserved 1114112K
  class space    used 2373K, committed 2496K, reserved 1048576K
}
Event: 2.737 GC heap after
{Heap after GC invocations=3 (full 0):
 garbage-first heap   total 126976K, used 7256K [0x0000000084000000, 0x0000000100000000)
  region size 1024K, 3 young (3072K), 3 survivors (3072K)
 Metaspace       used 21337K, committed 21504K, reserved 1114112K
  class space    used 2373K, committed 2496K, reserved 1048576K
}
Event: 3.205 GC heap before
{Heap before GC invocations=4 (full 0):
 garbage-first heap   total 30720K, used 22616K [0x0000000084000000, 0x0000000100000000)
  region size 1024K, 18 young (18432K), 3 survivors (3072K)
 Metaspace       used 24532K, committed 24704K, reserved 1114112K
  class space    used 2756K, committed 2816K, reserved 1048576K
}
Event: 3.211 GC heap after
{Heap after GC invocations=5 (full 0):
 garbage-first heap   total 30720K, used 8231K [0x0000000084000000, 0x0000000100000000)
  region size 1024K, 3 young (3072K), 3 survivors (3072K)
 Metaspace       used 24532K, committed 24704K, reserved 1114112K
  class space    used 2756K, committed 2816K, reserved 1048576K
}
Event: 3.246 GC heap before
{Heap before GC invocations=5 (full 0):
 garbage-first heap   total 30720K, used 9255K [0x0000000084000000, 0x0000000100000000)
  region size 1024K, 4 young (4096K), 3 survivors (3072K)
 Metaspace       used 24629K, committed 24832K, reserved 1114112K
  class space    used 2768K, committed 2880K, reserved 1048576K
}
Event: 3.252 GC heap after
{Heap after GC invocations=6 (full 0):
 garbage-first heap   total 30720K, used 8394K [0x0000000084000000, 0x0000000100000000)
  region size 1024K, 1 young (1024K), 1 survivors (1024K)
 Metaspace       used 24629K, committed 24832K, reserved 1114112K
  class space    used 2768K, committed 2880K, reserved 1048576K
}
Event: 3.497 GC heap before
{Heap before GC invocations=6 (full 0):
 garbage-first heap   total 30720K, used 21706K [0x0000000084000000, 0x0000000100000000)
  region size 1024K, 14 young (14336K), 1 survivors (1024K)
 Metaspace       used 25194K, committed 25344K, reserved 1114112K
  class space    used 2818K, committed 2880K, reserved 1048576K
}
Event: 3.500 GC heap after
{Heap after GC invocations=7 (full 0):
 garbage-first heap   total 30720K, used 9209K [0x0000000084000000, 0x0000000100000000)
  region size 1024K, 2 young (2048K), 2 survivors (2048K)
 Metaspace       used 25194K, committed 25344K, reserved 1114112K
  class space    used 2818K, committed 2880K, reserved 1048576K
}
Event: 3.749 GC heap before
{Heap before GC invocations=7 (full 0):
 garbage-first heap   total 30720K, used 22521K [0x0000000084000000, 0x0000000100000000)
  region size 1024K, 15 young (15360K), 2 survivors (2048K)
 Metaspace       used 26142K, committed 26304K, reserved 1114112K
  class space    used 2930K, committed 3008K, reserved 1048576K
}
Event: 3.752 GC heap after
{Heap after GC invocations=8 (full 0):
 garbage-first heap   total 78848K, used 9895K [0x0000000084000000, 0x0000000100000000)
  region size 1024K, 1 young (1024K), 1 survivors (1024K)
 Metaspace       used 26142K, committed 26304K, reserved 1114112K
  class space    used 2930K, committed 3008K, reserved 1048576K
}
Event: 4.610 GC heap before
{Heap before GC invocations=8 (full 0):
 garbage-first heap   total 78848K, used 54951K [0x0000000084000000, 0x0000000100000000)
  region size 1024K, 46 young (47104K), 1 survivors (1024K)
 Metaspace       used 34505K, committed 34816K, reserved 1114112K
  class space    used 3914K, committed 4032K, reserved 1048576K
}
Event: 4.620 GC heap after
{Heap after GC invocations=9 (full 0):
 garbage-first heap   total 78848K, used 15655K [0x0000000084000000, 0x0000000100000000)
  region size 1024K, 6 young (6144K), 6 survivors (6144K)
 Metaspace       used 34505K, committed 34816K, reserved 1114112K
  class space    used 3914K, committed 4032K, reserved 1048576K
}
Event: 5.029 GC heap before
{Heap before GC invocations=9 (full 0):
 garbage-first heap   total 78848K, used 47399K [0x0000000084000000, 0x0000000100000000)
  region size 1024K, 37 young (37888K), 6 survivors (6144K)
 Metaspace       used 35686K, committed 35968K, reserved 1114112K
  class space    used 4061K, committed 4224K, reserved 1048576K
}
Event: 5.046 GC heap after
{Heap after GC invocations=10 (full 0):
 garbage-first heap   total 78848K, used 21560K [0x0000000084000000, 0x0000000100000000)
  region size 1024K, 5 young (5120K), 5 survivors (5120K)
 Metaspace       used 35686K, committed 35968K, reserved 1114112K
  class space    used 4061K, committed 4224K, reserved 1048576K
}
Event: 6.031 GC heap before
{Heap before GC invocations=11 (full 0):
 garbage-first heap   total 78848K, used 56376K [0x0000000084000000, 0x0000000100000000)
  region size 1024K, 39 young (39936K), 5 survivors (5120K)
 Metaspace       used 37256K, committed 37568K, reserved 1114112K
  class space    used 4177K, committed 4352K, reserved 1048576K
}
Event: 6.043 GC heap after
{Heap after GC invocations=12 (full 0):
 garbage-first heap   total 78848K, used 24632K [0x0000000084000000, 0x0000000100000000)
  region size 1024K, 3 young (3072K), 3 survivors (3072K)
 Metaspace       used 37256K, committed 37568K, reserved 1114112K
  class space    used 4177K, committed 4352K, reserved 1048576K
}
Event: 6.061 GC heap before
{Heap before GC invocations=12 (full 0):
 garbage-first heap   total 78848K, used 25656K [0x0000000084000000, 0x0000000100000000)
  region size 1024K, 4 young (4096K), 3 survivors (3072K)
 Metaspace       used 37272K, committed 37568K, reserved 1114112K
  class space    used 4177K, committed 4352K, reserved 1048576K
}
Event: 6.070 GC heap after
{Heap after GC invocations=13 (full 0):
 garbage-first heap   total 95232K, used 25211K [0x0000000084000000, 0x0000000100000000)
  region size 1024K, 1 young (1024K), 1 survivors (1024K)
 Metaspace       used 37272K, committed 37568K, reserved 1114112K
  class space    used 4177K, committed 4352K, reserved 1048576K
}

